Detecting C compiler ABI info failed to compile with the following output:
Change Dir: /Users/labixiaoxin/Desktop/912🌊/CS912_NLP/C++BASIC/柳神的C++笔记/cmake-build-debug/CMakeFiles/CMakeTmp

Run Build Command(s):/Applications/CLion.app/Contents/bin/ninja/mac/ninja cmTC_fb4d2 && [1/2] Building C object CMakeFiles/cmTC_fb4d2.dir/CMakeCCompilerABI.c.o
Apple LLVM version 10.0.0 (clang-1000.10.44.4)
Target: x86_64-apple-darwin19.6.0
Thread model: posix
InstalledDir: /Library/Developer/CommandLineTools/usr/bin
clang: warning: -Wl,-v: 'linker' input unused [-Wunused-command-line-argument]
 "/Library/Developer/CommandLineTools/usr/bin/clang" -cc1 -triple x86_64-apple-macosx10.14.0 -Wdeprecated-objc-isa-usage -Werror=deprecated-objc-isa-usage -emit-obj -mrelax-all -disable-free -disable-llvm-verifier -discard-value-names -main-file-name CMakeCCompilerABI.c -mrelocation-model pic -pic-level 2 -mthread-model posix -mdisable-fp-elim -fno-strict-return -masm-verbose -munwind-tables -target-cpu penryn -dwarf-column-info -debugger-tuning=lldb -target-linker-version 409.12 -v -coverage-notes-file /Users/labixiaoxin/Desktop/912🌊/CS912_NLP/C++BASIC/柳神的C++笔记/cmake-build-debug/CMakeFiles/CMakeTmp/CMakeFiles/cmTC_fb4d2.dir/CMakeCCompilerABI.c.gcno -resource-dir /Library/Developer/CommandLineTools/usr/lib/clang/10.0.0 -dependency-file CMakeFiles/cmTC_fb4d2.dir/CMakeCCompilerABI.c.o.d -skip-unused-modulemap-deps -sys-header-deps -MT CMakeFiles/cmTC_fb4d2.dir/CMakeCCompilerABI.c.o -isysroot /Library/Developer/CommandLineTools/SDKs/MacOSX10.14.sdk -I /usr/local/opt/sdl2/include -fdebug-compilation-dir /Users/labixiaoxin/Desktop/912🌊/CS912_NLP/C++BASIC/柳神的C++笔记/cmake-build-debug/CMakeFiles/CMakeTmp -ferror-limit 19 -fmessage-length 0 -stack-protector 1 -fblocks -fencode-extended-block-signature -fobjc-runtime=macosx-10.14.0 -fmax-type-align=16 -fdiagnostics-show-option -fcolor-diagnostics -o CMakeFiles/cmTC_fb4d2.dir/CMakeCCompilerABI.c.o -x c /Applications/CLion.app/Contents/bin/cmake/mac/share/cmake-3.24/Modules/CMakeCCompilerABI.c
clang -cc1 version 10.0.0 (clang-1000.10.44.4) default target x86_64-apple-darwin19.6.0
ignoring nonexistent directory "/Library/Developer/CommandLineTools/SDKs/MacOSX10.14.sdk/usr/local/include"
ignoring nonexistent directory "/Library/Developer/CommandLineTools/SDKs/MacOSX10.14.sdk/Library/Frameworks"
#include "..." search starts here:
#include <...> search starts here:
 /usr/local/opt/sdl2/include
 /Library/Developer/CommandLineTools/usr/lib/clang/10.0.0/include
 /Library/Developer/CommandLineTools/usr/include
 /Library/Developer/CommandLineTools/SDKs/MacOSX10.14.sdk/usr/include
 /Library/Developer/CommandLineTools/SDKs/MacOSX10.14.sdk/System/Library/Frameworks (framework directory)
End of search list.
[2/2] Linking C executable cmTC_fb4d2
FAILED: cmTC_fb4d2 
: && /Library/Developer/CommandLineTools/usr/bin/cc -I/usr/local/opt/sdl2/include  -isysroot /Library/Developer/CommandLineTools/SDKs/MacOSX10.14.sdk -Wl,-search_paths_first -Wl,-headerpad_max_install_names -L/usr/local/opt/sdl2/lib -lSDL -v -Wl,-v CMakeFiles/cmTC_fb4d2.dir/CMakeCCompilerABI.c.o -o cmTC_fb4d2   && :
Apple LLVM version 10.0.0 (clang-1000.10.44.4)
Target: x86_64-apple-darwin19.6.0
Thread model: posix
InstalledDir: /Library/Developer/CommandLineTools/usr/bin
 "/Library/Developer/CommandLineTools/usr/bin/ld" -demangle -lto_library /Library/Developer/CommandLineTools/usr/lib/libLTO.dylib -dynamic -arch x86_64 -macosx_version_min 10.14.0 -syslibroot /Library/Developer/CommandLineTools/SDKs/MacOSX10.14.sdk -o cmTC_fb4d2 -L/usr/local/opt/sdl2/lib -search_paths_first -headerpad_max_install_names -lSDL -v CMakeFiles/cmTC_fb4d2.dir/CMakeCCompilerABI.c.o -lSystem /Library/Developer/CommandLineTools/usr/lib/clang/10.0.0/lib/darwin/libclang_rt.osx.a
@(#)PROGRAM:ld  PROJECT:ld64-409.12
BUILD 17:47:51 Sep 25 2018
configured to support archs: armv6 armv7 armv7s arm64 i386 x86_64 x86_64h armv6m armv7k armv7m armv7em
Library search paths:
	/usr/local/opt/sdl2/lib
	/Library/Developer/CommandLineTools/SDKs/MacOSX10.14.sdk/usr/lib
Framework search paths:
	/Library/Developer/CommandLineTools/SDKs/MacOSX10.14.sdk/System/Library/Frameworks/
ld: library not found for -lSDL
clang: error: linker command failed with exit code 1 (use -v to see invocation)
ninja: build stopped: subcommand failed.




Determining if the C compiler works failed with the following output:
Change Dir: /Users/labixiaoxin/Desktop/912🌊/CS912_NLP/C++BASIC/柳神的C++笔记/cmake-build-debug/CMakeFiles/CMakeTmp

Run Build Command(s):/Applications/CLion.app/Contents/bin/ninja/mac/ninja cmTC_a134e && [1/2] Building C object CMakeFiles/cmTC_a134e.dir/testCCompiler.c.o
[2/2] Linking C executable cmTC_a134e
FAILED: cmTC_a134e 
: && /Library/Developer/CommandLineTools/usr/bin/cc -I/usr/local/opt/sdl2/include  -isysroot /Library/Developer/CommandLineTools/SDKs/MacOSX10.14.sdk -Wl,-search_paths_first -Wl,-headerpad_max_install_names -L/usr/local/opt/sdl2/lib -lSDL CMakeFiles/cmTC_a134e.dir/testCCompiler.c.o -o cmTC_a134e   && :
ld: library not found for -lSDL
clang: error: linker command failed with exit code 1 (use -v to see invocation)
ninja: build stopped: subcommand failed.



Detecting C compiler ABI info failed to compile with the following output:
Change Dir: /Users/labixiaoxin/Desktop/912🌊/CS912_NLP/C++BASIC/柳神的C++笔记/cmake-build-debug/CMakeFiles/CMakeTmp

Run Build Command(s):/Applications/CLion.app/Contents/bin/ninja/mac/ninja cmTC_ebb31 && [1/2] Building C object CMakeFiles/cmTC_ebb31.dir/CMakeCCompilerABI.c.o
Apple LLVM version 10.0.0 (clang-1000.10.44.4)
Target: x86_64-apple-darwin19.6.0
Thread model: posix
InstalledDir: /Library/Developer/CommandLineTools/usr/bin
clang: warning: -Wl,-v: 'linker' input unused [-Wunused-command-line-argument]
 "/Library/Developer/CommandLineTools/usr/bin/clang" -cc1 -triple x86_64-apple-macosx10.14.0 -Wdeprecated-objc-isa-usage -Werror=deprecated-objc-isa-usage -emit-obj -mrelax-all -disable-free -disable-llvm-verifier -discard-value-names -main-file-name CMakeCCompilerABI.c -mrelocation-model pic -pic-level 2 -mthread-model posix -mdisable-fp-elim -fno-strict-return -masm-verbose -munwind-tables -target-cpu penryn -dwarf-column-info -debugger-tuning=lldb -target-linker-version 409.12 -v -coverage-notes-file /Users/labixiaoxin/Desktop/912🌊/CS912_NLP/C++BASIC/柳神的C++笔记/cmake-build-debug/CMakeFiles/CMakeTmp/CMakeFiles/cmTC_ebb31.dir/CMakeCCompilerABI.c.gcno -resource-dir /Library/Developer/CommandLineTools/usr/lib/clang/10.0.0 -dependency-file CMakeFiles/cmTC_ebb31.dir/CMakeCCompilerABI.c.o.d -skip-unused-modulemap-deps -sys-header-deps -MT CMakeFiles/cmTC_ebb31.dir/CMakeCCompilerABI.c.o -isysroot /Library/Developer/CommandLineTools/SDKs/MacOSX10.14.sdk -I /usr/local/opt/sdl2/include -fdebug-compilation-dir /Users/labixiaoxin/Desktop/912🌊/CS912_NLP/C++BASIC/柳神的C++笔记/cmake-build-debug/CMakeFiles/CMakeTmp -ferror-limit 19 -fmessage-length 0 -stack-protector 1 -fblocks -fencode-extended-block-signature -fobjc-runtime=macosx-10.14.0 -fmax-type-align=16 -fdiagnostics-show-option -fcolor-diagnostics -o CMakeFiles/cmTC_ebb31.dir/CMakeCCompilerABI.c.o -x c /Applications/CLion.app/Contents/bin/cmake/mac/share/cmake-3.24/Modules/CMakeCCompilerABI.c
clang -cc1 version 10.0.0 (clang-1000.10.44.4) default target x86_64-apple-darwin19.6.0
ignoring nonexistent directory "/Library/Developer/CommandLineTools/SDKs/MacOSX10.14.sdk/usr/local/include"
ignoring nonexistent directory "/Library/Developer/CommandLineTools/SDKs/MacOSX10.14.sdk/Library/Frameworks"
#include "..." search starts here:
#include <...> search starts here:
 /usr/local/opt/sdl2/include
 /Library/Developer/CommandLineTools/usr/lib/clang/10.0.0/include
 /Library/Developer/CommandLineTools/usr/include
 /Library/Developer/CommandLineTools/SDKs/MacOSX10.14.sdk/usr/include
 /Library/Developer/CommandLineTools/SDKs/MacOSX10.14.sdk/System/Library/Frameworks (framework directory)
End of search list.
[2/2] Linking C executable cmTC_ebb31
FAILED: cmTC_ebb31 
: && /Library/Developer/CommandLineTools/usr/bin/cc -I/usr/local/opt/sdl2/include  -isysroot /Library/Developer/CommandLineTools/SDKs/MacOSX10.14.sdk -Wl,-search_paths_first -Wl,-headerpad_max_install_names -L/usr/local/opt/sdl2/lib -lSDL -v -Wl,-v CMakeFiles/cmTC_ebb31.dir/CMakeCCompilerABI.c.o -o cmTC_ebb31   && :
Apple LLVM version 10.0.0 (clang-1000.10.44.4)
Target: x86_64-apple-darwin19.6.0
Thread model: posix
InstalledDir: /Library/Developer/CommandLineTools/usr/bin
 "/Library/Developer/CommandLineTools/usr/bin/ld" -demangle -lto_library /Library/Developer/CommandLineTools/usr/lib/libLTO.dylib -dynamic -arch x86_64 -macosx_version_min 10.14.0 -syslibroot /Library/Developer/CommandLineTools/SDKs/MacOSX10.14.sdk -o cmTC_ebb31 -L/usr/local/opt/sdl2/lib -search_paths_first -headerpad_max_install_names -lSDL -v CMakeFiles/cmTC_ebb31.dir/CMakeCCompilerABI.c.o -lSystem /Library/Developer/CommandLineTools/usr/lib/clang/10.0.0/lib/darwin/libclang_rt.osx.a
@(#)PROGRAM:ld  PROJECT:ld64-409.12
BUILD 17:47:51 Sep 25 2018
configured to support archs: armv6 armv7 armv7s arm64 i386 x86_64 x86_64h armv6m armv7k armv7m armv7em
Library search paths:
	/usr/local/opt/sdl2/lib
	/Library/Developer/CommandLineTools/SDKs/MacOSX10.14.sdk/usr/lib
Framework search paths:
	/Library/Developer/CommandLineTools/SDKs/MacOSX10.14.sdk/System/Library/Frameworks/
ld: library not found for -lSDL
clang: error: linker command failed with exit code 1 (use -v to see invocation)
ninja: build stopped: subcommand failed.




Determining if the C compiler works failed with the following output:
Change Dir: /Users/labixiaoxin/Desktop/912🌊/CS912_NLP/C++BASIC/柳神的C++笔记/cmake-build-debug/CMakeFiles/CMakeTmp

Run Build Command(s):/Applications/CLion.app/Contents/bin/ninja/mac/ninja cmTC_fd878 && [1/2] Building C object CMakeFiles/cmTC_fd878.dir/testCCompiler.c.o
[2/2] Linking C executable cmTC_fd878
FAILED: cmTC_fd878 
: && /Library/Developer/CommandLineTools/usr/bin/cc -I/usr/local/opt/sdl2/include  -isysroot /Library/Developer/CommandLineTools/SDKs/MacOSX10.14.sdk -Wl,-search_paths_first -Wl,-headerpad_max_install_names -L/usr/local/opt/sdl2/lib -lSDL CMakeFiles/cmTC_fd878.dir/testCCompiler.c.o -o cmTC_fd878   && :
ld: library not found for -lSDL
clang: error: linker command failed with exit code 1 (use -v to see invocation)
ninja: build stopped: subcommand failed.



Detecting C compiler ABI info failed to compile with the following output:
Change Dir: /Users/labixiaoxin/Desktop/912🌊/CS912_NLP/C++BASIC/柳神的C++笔记/cmake-build-debug/CMakeFiles/CMakeTmp

Run Build Command(s):/Applications/CLion.app/Contents/bin/ninja/mac/ninja cmTC_fb6d8 && [1/2] Building C object CMakeFiles/cmTC_fb6d8.dir/CMakeCCompilerABI.c.o
Apple LLVM version 10.0.0 (clang-1000.10.44.4)
Target: x86_64-apple-darwin19.6.0
Thread model: posix
InstalledDir: /Library/Developer/CommandLineTools/usr/bin
clang: warning: -Wl,-v: 'linker' input unused [-Wunused-command-line-argument]
 "/Library/Developer/CommandLineTools/usr/bin/clang" -cc1 -triple x86_64-apple-macosx10.14.0 -Wdeprecated-objc-isa-usage -Werror=deprecated-objc-isa-usage -emit-obj -mrelax-all -disable-free -disable-llvm-verifier -discard-value-names -main-file-name CMakeCCompilerABI.c -mrelocation-model pic -pic-level 2 -mthread-model posix -mdisable-fp-elim -fno-strict-return -masm-verbose -munwind-tables -target-cpu penryn -dwarf-column-info -debugger-tuning=lldb -target-linker-version 409.12 -v -coverage-notes-file /Users/labixiaoxin/Desktop/912🌊/CS912_NLP/C++BASIC/柳神的C++笔记/cmake-build-debug/CMakeFiles/CMakeTmp/CMakeFiles/cmTC_fb6d8.dir/CMakeCCompilerABI.c.gcno -resource-dir /Library/Developer/CommandLineTools/usr/lib/clang/10.0.0 -dependency-file CMakeFiles/cmTC_fb6d8.dir/CMakeCCompilerABI.c.o.d -skip-unused-modulemap-deps -sys-header-deps -MT CMakeFiles/cmTC_fb6d8.dir/CMakeCCompilerABI.c.o -isysroot /Library/Developer/CommandLineTools/SDKs/MacOSX10.14.sdk -I /usr/local/opt/sdl2/include -fdebug-compilation-dir /Users/labixiaoxin/Desktop/912🌊/CS912_NLP/C++BASIC/柳神的C++笔记/cmake-build-debug/CMakeFiles/CMakeTmp -ferror-limit 19 -fmessage-length 0 -stack-protector 1 -fblocks -fencode-extended-block-signature -fobjc-runtime=macosx-10.14.0 -fmax-type-align=16 -fdiagnostics-show-option -fcolor-diagnostics -o CMakeFiles/cmTC_fb6d8.dir/CMakeCCompilerABI.c.o -x c /Applications/CLion.app/Contents/bin/cmake/mac/share/cmake-3.24/Modules/CMakeCCompilerABI.c
clang -cc1 version 10.0.0 (clang-1000.10.44.4) default target x86_64-apple-darwin19.6.0
ignoring nonexistent directory "/Library/Developer/CommandLineTools/SDKs/MacOSX10.14.sdk/usr/local/include"
ignoring nonexistent directory "/Library/Developer/CommandLineTools/SDKs/MacOSX10.14.sdk/Library/Frameworks"
#include "..." search starts here:
#include <...> search starts here:
 /usr/local/opt/sdl2/include
 /Library/Developer/CommandLineTools/usr/lib/clang/10.0.0/include
 /Library/Developer/CommandLineTools/usr/include
 /Library/Developer/CommandLineTools/SDKs/MacOSX10.14.sdk/usr/include
 /Library/Developer/CommandLineTools/SDKs/MacOSX10.14.sdk/System/Library/Frameworks (framework directory)
End of search list.
[2/2] Linking C executable cmTC_fb6d8
FAILED: cmTC_fb6d8 
: && /Library/Developer/CommandLineTools/usr/bin/cc -I/usr/local/opt/sdl2/include  -isysroot /Library/Developer/CommandLineTools/SDKs/MacOSX10.14.sdk -Wl,-search_paths_first -Wl,-headerpad_max_install_names -L/usr/local/opt/sdl2/lib -lSDL -v -Wl,-v CMakeFiles/cmTC_fb6d8.dir/CMakeCCompilerABI.c.o -o cmTC_fb6d8   && :
Apple LLVM version 10.0.0 (clang-1000.10.44.4)
Target: x86_64-apple-darwin19.6.0
Thread model: posix
InstalledDir: /Library/Developer/CommandLineTools/usr/bin
 "/Library/Developer/CommandLineTools/usr/bin/ld" -demangle -lto_library /Library/Developer/CommandLineTools/usr/lib/libLTO.dylib -dynamic -arch x86_64 -macosx_version_min 10.14.0 -syslibroot /Library/Developer/CommandLineTools/SDKs/MacOSX10.14.sdk -o cmTC_fb6d8 -L/usr/local/opt/sdl2/lib -search_paths_first -headerpad_max_install_names -lSDL -v CMakeFiles/cmTC_fb6d8.dir/CMakeCCompilerABI.c.o -lSystem /Library/Developer/CommandLineTools/usr/lib/clang/10.0.0/lib/darwin/libclang_rt.osx.a
@(#)PROGRAM:ld  PROJECT:ld64-409.12
BUILD 17:47:51 Sep 25 2018
configured to support archs: armv6 armv7 armv7s arm64 i386 x86_64 x86_64h armv6m armv7k armv7m armv7em
Library search paths:
	/usr/local/opt/sdl2/lib
	/Library/Developer/CommandLineTools/SDKs/MacOSX10.14.sdk/usr/lib
Framework search paths:
	/Library/Developer/CommandLineTools/SDKs/MacOSX10.14.sdk/System/Library/Frameworks/
ld: library not found for -lSDL
clang: error: linker command failed with exit code 1 (use -v to see invocation)
ninja: build stopped: subcommand failed.




Determining if the C compiler works failed with the following output:
Change Dir: /Users/labixiaoxin/Desktop/912🌊/CS912_NLP/C++BASIC/柳神的C++笔记/cmake-build-debug/CMakeFiles/CMakeTmp

Run Build Command(s):/Applications/CLion.app/Contents/bin/ninja/mac/ninja cmTC_df147 && [1/2] Building C object CMakeFiles/cmTC_df147.dir/testCCompiler.c.o
[2/2] Linking C executable cmTC_df147
FAILED: cmTC_df147 
: && /Library/Developer/CommandLineTools/usr/bin/cc -I/usr/local/opt/sdl2/include  -isysroot /Library/Developer/CommandLineTools/SDKs/MacOSX10.14.sdk -Wl,-search_paths_first -Wl,-headerpad_max_install_names -L/usr/local/opt/sdl2/lib -lSDL CMakeFiles/cmTC_df147.dir/testCCompiler.c.o -o cmTC_df147   && :
ld: library not found for -lSDL
clang: error: linker command failed with exit code 1 (use -v to see invocation)
ninja: build stopped: subcommand failed.



Detecting C compiler ABI info failed to compile with the following output:
Change Dir: /Users/labixiaoxin/Desktop/912🌊/CS912_NLP/C++BASIC/柳神的C++笔记/cmake-build-debug/CMakeFiles/CMakeTmp

Run Build Command(s):/Applications/CLion.app/Contents/bin/ninja/mac/ninja cmTC_4c9df && [1/2] Building C object CMakeFiles/cmTC_4c9df.dir/CMakeCCompilerABI.c.o
Apple LLVM version 10.0.0 (clang-1000.10.44.4)
Target: x86_64-apple-darwin19.6.0
Thread model: posix
InstalledDir: /Library/Developer/CommandLineTools/usr/bin
clang: warning: -Wl,-v: 'linker' input unused [-Wunused-command-line-argument]
 "/Library/Developer/CommandLineTools/usr/bin/clang" -cc1 -triple x86_64-apple-macosx10.14.0 -Wdeprecated-objc-isa-usage -Werror=deprecated-objc-isa-usage -emit-obj -mrelax-all -disable-free -disable-llvm-verifier -discard-value-names -main-file-name CMakeCCompilerABI.c -mrelocation-model pic -pic-level 2 -mthread-model posix -mdisable-fp-elim -fno-strict-return -masm-verbose -munwind-tables -target-cpu penryn -dwarf-column-info -debugger-tuning=lldb -target-linker-version 409.12 -v -coverage-notes-file /Users/labixiaoxin/Desktop/912🌊/CS912_NLP/C++BASIC/柳神的C++笔记/cmake-build-debug/CMakeFiles/CMakeTmp/CMakeFiles/cmTC_4c9df.dir/CMakeCCompilerABI.c.gcno -resource-dir /Library/Developer/CommandLineTools/usr/lib/clang/10.0.0 -dependency-file CMakeFiles/cmTC_4c9df.dir/CMakeCCompilerABI.c.o.d -skip-unused-modulemap-deps -sys-header-deps -MT CMakeFiles/cmTC_4c9df.dir/CMakeCCompilerABI.c.o -isysroot /Library/Developer/CommandLineTools/SDKs/MacOSX10.14.sdk -I /usr/local/opt/sdl2/include -fdebug-compilation-dir /Users/labixiaoxin/Desktop/912🌊/CS912_NLP/C++BASIC/柳神的C++笔记/cmake-build-debug/CMakeFiles/CMakeTmp -ferror-limit 19 -fmessage-length 0 -stack-protector 1 -fblocks -fencode-extended-block-signature -fobjc-runtime=macosx-10.14.0 -fmax-type-align=16 -fdiagnostics-show-option -fcolor-diagnostics -o CMakeFiles/cmTC_4c9df.dir/CMakeCCompilerABI.c.o -x c /Applications/CLion.app/Contents/bin/cmake/mac/share/cmake-3.24/Modules/CMakeCCompilerABI.c
clang -cc1 version 10.0.0 (clang-1000.10.44.4) default target x86_64-apple-darwin19.6.0
ignoring nonexistent directory "/Library/Developer/CommandLineTools/SDKs/MacOSX10.14.sdk/usr/local/include"
ignoring nonexistent directory "/Library/Developer/CommandLineTools/SDKs/MacOSX10.14.sdk/Library/Frameworks"
#include "..." search starts here:
#include <...> search starts here:
 /usr/local/opt/sdl2/include
 /Library/Developer/CommandLineTools/usr/lib/clang/10.0.0/include
 /Library/Developer/CommandLineTools/usr/include
 /Library/Developer/CommandLineTools/SDKs/MacOSX10.14.sdk/usr/include
 /Library/Developer/CommandLineTools/SDKs/MacOSX10.14.sdk/System/Library/Frameworks (framework directory)
End of search list.
[2/2] Linking C executable cmTC_4c9df
FAILED: cmTC_4c9df 
: && /Library/Developer/CommandLineTools/usr/bin/cc -I/usr/local/opt/sdl2/include  -isysroot /Library/Developer/CommandLineTools/SDKs/MacOSX10.14.sdk -Wl,-search_paths_first -Wl,-headerpad_max_install_names -L/usr/local/opt/sdl2/lib -lSDL -v -Wl,-v CMakeFiles/cmTC_4c9df.dir/CMakeCCompilerABI.c.o -o cmTC_4c9df   && :
Apple LLVM version 10.0.0 (clang-1000.10.44.4)
Target: x86_64-apple-darwin19.6.0
Thread model: posix
InstalledDir: /Library/Developer/CommandLineTools/usr/bin
 "/Library/Developer/CommandLineTools/usr/bin/ld" -demangle -lto_library /Library/Developer/CommandLineTools/usr/lib/libLTO.dylib -dynamic -arch x86_64 -macosx_version_min 10.14.0 -syslibroot /Library/Developer/CommandLineTools/SDKs/MacOSX10.14.sdk -o cmTC_4c9df -L/usr/local/opt/sdl2/lib -search_paths_first -headerpad_max_install_names -lSDL -v CMakeFiles/cmTC_4c9df.dir/CMakeCCompilerABI.c.o -lSystem /Library/Developer/CommandLineTools/usr/lib/clang/10.0.0/lib/darwin/libclang_rt.osx.a
@(#)PROGRAM:ld  PROJECT:ld64-409.12
BUILD 17:47:51 Sep 25 2018
configured to support archs: armv6 armv7 armv7s arm64 i386 x86_64 x86_64h armv6m armv7k armv7m armv7em
Library search paths:
	/usr/local/opt/sdl2/lib
	/Library/Developer/CommandLineTools/SDKs/MacOSX10.14.sdk/usr/lib
Framework search paths:
	/Library/Developer/CommandLineTools/SDKs/MacOSX10.14.sdk/System/Library/Frameworks/
ld: library not found for -lSDL
clang: error: linker command failed with exit code 1 (use -v to see invocation)
ninja: build stopped: subcommand failed.




Determining if the C compiler works failed with the following output:
Change Dir: /Users/labixiaoxin/Desktop/912🌊/CS912_NLP/C++BASIC/柳神的C++笔记/cmake-build-debug/CMakeFiles/CMakeTmp

Run Build Command(s):/Applications/CLion.app/Contents/bin/ninja/mac/ninja cmTC_d586c && [1/2] Building C object CMakeFiles/cmTC_d586c.dir/testCCompiler.c.o
[2/2] Linking C executable cmTC_d586c
FAILED: cmTC_d586c 
: && /Library/Developer/CommandLineTools/usr/bin/cc -I/usr/local/opt/sdl2/include  -isysroot /Library/Developer/CommandLineTools/SDKs/MacOSX10.14.sdk -Wl,-search_paths_first -Wl,-headerpad_max_install_names -L/usr/local/opt/sdl2/lib -lSDL CMakeFiles/cmTC_d586c.dir/testCCompiler.c.o -o cmTC_d586c   && :
ld: library not found for -lSDL
clang: error: linker command failed with exit code 1 (use -v to see invocation)
ninja: build stopped: subcommand failed.



Detecting C compiler ABI info failed to compile with the following output:
Change Dir: /Users/labixiaoxin/Desktop/912🌊/CS912_NLP/C++BASIC/柳神的C++笔记/cmake-build-debug/CMakeFiles/CMakeTmp

Run Build Command(s):/Applications/CLion.app/Contents/bin/ninja/mac/ninja cmTC_5c689 && [1/2] Building C object CMakeFiles/cmTC_5c689.dir/CMakeCCompilerABI.c.o
Apple LLVM version 10.0.0 (clang-1000.10.44.4)
Target: x86_64-apple-darwin19.6.0
Thread model: posix
InstalledDir: /Library/Developer/CommandLineTools/usr/bin
clang: warning: -Wl,-v: 'linker' input unused [-Wunused-command-line-argument]
 "/Library/Developer/CommandLineTools/usr/bin/clang" -cc1 -triple x86_64-apple-macosx10.14.0 -Wdeprecated-objc-isa-usage -Werror=deprecated-objc-isa-usage -emit-obj -mrelax-all -disable-free -disable-llvm-verifier -discard-value-names -main-file-name CMakeCCompilerABI.c -mrelocation-model pic -pic-level 2 -mthread-model posix -mdisable-fp-elim -fno-strict-return -masm-verbose -munwind-tables -target-cpu penryn -dwarf-column-info -debugger-tuning=lldb -target-linker-version 409.12 -v -coverage-notes-file /Users/labixiaoxin/Desktop/912🌊/CS912_NLP/C++BASIC/柳神的C++笔记/cmake-build-debug/CMakeFiles/CMakeTmp/CMakeFiles/cmTC_5c689.dir/CMakeCCompilerABI.c.gcno -resource-dir /Library/Developer/CommandLineTools/usr/lib/clang/10.0.0 -dependency-file CMakeFiles/cmTC_5c689.dir/CMakeCCompilerABI.c.o.d -skip-unused-modulemap-deps -sys-header-deps -MT CMakeFiles/cmTC_5c689.dir/CMakeCCompilerABI.c.o -isysroot /Library/Developer/CommandLineTools/SDKs/MacOSX10.14.sdk -I /usr/local/opt/sdl2/include -fdebug-compilation-dir /Users/labixiaoxin/Desktop/912🌊/CS912_NLP/C++BASIC/柳神的C++笔记/cmake-build-debug/CMakeFiles/CMakeTmp -ferror-limit 19 -fmessage-length 0 -stack-protector 1 -fblocks -fencode-extended-block-signature -fobjc-runtime=macosx-10.14.0 -fmax-type-align=16 -fdiagnostics-show-option -fcolor-diagnostics -o CMakeFiles/cmTC_5c689.dir/CMakeCCompilerABI.c.o -x c /Applications/CLion.app/Contents/bin/cmake/mac/share/cmake-3.24/Modules/CMakeCCompilerABI.c
clang -cc1 version 10.0.0 (clang-1000.10.44.4) default target x86_64-apple-darwin19.6.0
ignoring nonexistent directory "/Library/Developer/CommandLineTools/SDKs/MacOSX10.14.sdk/usr/local/include"
ignoring nonexistent directory "/Library/Developer/CommandLineTools/SDKs/MacOSX10.14.sdk/Library/Frameworks"
#include "..." search starts here:
#include <...> search starts here:
 /usr/local/opt/sdl2/include
 /Library/Developer/CommandLineTools/usr/lib/clang/10.0.0/include
 /Library/Developer/CommandLineTools/usr/include
 /Library/Developer/CommandLineTools/SDKs/MacOSX10.14.sdk/usr/include
 /Library/Developer/CommandLineTools/SDKs/MacOSX10.14.sdk/System/Library/Frameworks (framework directory)
End of search list.
[2/2] Linking C executable cmTC_5c689
FAILED: cmTC_5c689 
: && /Library/Developer/CommandLineTools/usr/bin/cc -I/usr/local/opt/sdl2/include  -isysroot /Library/Developer/CommandLineTools/SDKs/MacOSX10.14.sdk -Wl,-search_paths_first -Wl,-headerpad_max_install_names -L/usr/local/opt/sdl2/lib -lSDL -v -Wl,-v CMakeFiles/cmTC_5c689.dir/CMakeCCompilerABI.c.o -o cmTC_5c689   && :
Apple LLVM version 10.0.0 (clang-1000.10.44.4)
Target: x86_64-apple-darwin19.6.0
Thread model: posix
InstalledDir: /Library/Developer/CommandLineTools/usr/bin
 "/Library/Developer/CommandLineTools/usr/bin/ld" -demangle -lto_library /Library/Developer/CommandLineTools/usr/lib/libLTO.dylib -dynamic -arch x86_64 -macosx_version_min 10.14.0 -syslibroot /Library/Developer/CommandLineTools/SDKs/MacOSX10.14.sdk -o cmTC_5c689 -L/usr/local/opt/sdl2/lib -search_paths_first -headerpad_max_install_names -lSDL -v CMakeFiles/cmTC_5c689.dir/CMakeCCompilerABI.c.o -lSystem /Library/Developer/CommandLineTools/usr/lib/clang/10.0.0/lib/darwin/libclang_rt.osx.a
@(#)PROGRAM:ld  PROJECT:ld64-409.12
BUILD 17:47:51 Sep 25 2018
configured to support archs: armv6 armv7 armv7s arm64 i386 x86_64 x86_64h armv6m armv7k armv7m armv7em
Library search paths:
	/usr/local/opt/sdl2/lib
	/Library/Developer/CommandLineTools/SDKs/MacOSX10.14.sdk/usr/lib
Framework search paths:
	/Library/Developer/CommandLineTools/SDKs/MacOSX10.14.sdk/System/Library/Frameworks/
ld: library not found for -lSDL
clang: error: linker command failed with exit code 1 (use -v to see invocation)
ninja: build stopped: subcommand failed.




Determining if the C compiler works failed with the following output:
Change Dir: /Users/labixiaoxin/Desktop/912🌊/CS912_NLP/C++BASIC/柳神的C++笔记/cmake-build-debug/CMakeFiles/CMakeTmp

Run Build Command(s):/Applications/CLion.app/Contents/bin/ninja/mac/ninja cmTC_b3122 && [1/2] Building C object CMakeFiles/cmTC_b3122.dir/testCCompiler.c.o
[2/2] Linking C executable cmTC_b3122
FAILED: cmTC_b3122 
: && /Library/Developer/CommandLineTools/usr/bin/cc -I/usr/local/opt/sdl2/include  -isysroot /Library/Developer/CommandLineTools/SDKs/MacOSX10.14.sdk -Wl,-search_paths_first -Wl,-headerpad_max_install_names -L/usr/local/opt/sdl2/lib -lSDL CMakeFiles/cmTC_b3122.dir/testCCompiler.c.o -o cmTC_b3122   && :
ld: library not found for -lSDL
clang: error: linker command failed with exit code 1 (use -v to see invocation)
ninja: build stopped: subcommand failed.



